D:\VS2012\STL-STRING\STL-STRING\DEBUG\STRING.OBJ
D:\VS2012\STL-STRING\STL-STRING\DEBUG\VC110.PDB
D:\VS2012\STL-STRING\DEBUG\STL-STRING.ILK
D:\VS2012\STL-STRING\DEBUG\STL-STRING.EXE
D:\VS2012\STL-STRING\DEBUG\STL-STRING.PDB
D:\vs2012\STL-string\STL-string\Debug\String.obj
D:\vs2012\STL-string\STL-string\Debug\cl.command.1.tlog
D:\vs2012\STL-string\STL-string\Debug\CL.read.1.tlog
D:\vs2012\STL-string\STL-string\Debug\CL.write.1.tlog
D:\vs2012\STL-string\STL-string\Debug\link-cvtres.read.1.tlog
D:\vs2012\STL-string\STL-string\Debug\link-cvtres.write.1.tlog
D:\vs2012\STL-string\STL-string\Debug\link-rc.read.1.tlog
D:\vs2012\STL-string\STL-string\Debug\link-rc.write.1.tlog
D:\vs2012\STL-string\STL-string\Debug\link.command.1.tlog
D:\vs2012\STL-string\STL-string\Debug\link.read.1.tlog
D:\vs2012\STL-string\STL-string\Debug\link.write.1.tlog
D:\vs2012\STL-string\STL-string\Debug\vc110.idb
D:\vs2012\STL-string\STL-string\Debug\vc110.pdb
D:\vs2012\STL-string\Debug\STL-string.pdb
D:\vs2012\STL-string\Debug\STL-string.exe
D:\vs2012\STL-string\Debug\STL-string.ilk
