D:\VS2012\AUTO 关键字\AUTO 关键字\DEBUG\TEST.OBJ
D:\VS2012\AUTO 关键字\AUTO 关键字\DEBUG\VC110.PDB
D:\VS2012\AUTO 关键字\DEBUG\AUTO 关键字.ILK
D:\VS2012\AUTO 关键字\DEBUG\AUTO 关键字.EXE
D:\VS2012\AUTO 关键字\DEBUG\AUTO 关键字.PDB
D:\vs2012\Auto 关键字\Auto 关键字\Debug\Test.obj
D:\vs2012\Auto 关键字\Auto 关键字\Debug\cl.command.1.tlog
D:\vs2012\Auto 关键字\Auto 关键字\Debug\CL.read.1.tlog
D:\vs2012\Auto 关键字\Auto 关键字\Debug\CL.write.1.tlog
D:\vs2012\Auto 关键字\Auto 关键字\Debug\link-cvtres.read.1.tlog
D:\vs2012\Auto 关键字\Auto 关键字\Debug\link-cvtres.write.1.tlog
D:\vs2012\Auto 关键字\Auto 关键字\Debug\link-rc.read.1.tlog
D:\vs2012\Auto 关键字\Auto 关键字\Debug\link-rc.write.1.tlog
D:\vs2012\Auto 关键字\Auto 关键字\Debug\link.16448-cvtres.read.1.tlog
D:\vs2012\Auto 关键字\Auto 关键字\Debug\link.16448-cvtres.write.1.tlog
D:\vs2012\Auto 关键字\Auto 关键字\Debug\link.16448-rc.read.1.tlog
D:\vs2012\Auto 关键字\Auto 关键字\Debug\link.16448-rc.write.1.tlog
D:\vs2012\Auto 关键字\Auto 关键字\Debug\link.16448.read.1.tlog
D:\vs2012\Auto 关键字\Auto 关键字\Debug\link.16448.write.1.tlog
D:\vs2012\Auto 关键字\Auto 关键字\Debug\link.command.1.tlog
D:\vs2012\Auto 关键字\Auto 关键字\Debug\link.read.1.tlog
D:\vs2012\Auto 关键字\Auto 关键字\Debug\link.write.1.tlog
D:\vs2012\Auto 关键字\Auto 关键字\Debug\vc110.idb
D:\vs2012\Auto 关键字\Auto 关键字\Debug\vc110.pdb
D:\vs2012\Auto 关键字\Debug\Auto 关键字.pdb
D:\vs2012\Auto 关键字\Debug\Auto 关键字.exe
D:\vs2012\Auto 关键字\Debug\Auto 关键字.ilk
