D:\VS2012\内存申请释放\内存申请释放\DEBUG\TEST.OBJ
D:\VS2012\内存申请释放\内存申请释放\DEBUG\VC110.PDB
D:\VS2012\内存申请释放\DEBUG\内存申请释放.ILK
D:\VS2012\内存申请释放\DEBUG\内存申请释放.EXE
D:\VS2012\内存申请释放\DEBUG\内存申请释放.PDB
D:\vs2012\内存申请释放\内存申请释放\Debug\Test.obj
D:\vs2012\内存申请释放\内存申请释放\Debug\cl.command.1.tlog
D:\vs2012\内存申请释放\内存申请释放\Debug\CL.read.1.tlog
D:\vs2012\内存申请释放\内存申请释放\Debug\CL.write.1.tlog
D:\vs2012\内存申请释放\内存申请释放\Debug\link-cvtres.read.1.tlog
D:\vs2012\内存申请释放\内存申请释放\Debug\link-cvtres.write.1.tlog
D:\vs2012\内存申请释放\内存申请释放\Debug\link-rc.read.1.tlog
D:\vs2012\内存申请释放\内存申请释放\Debug\link-rc.write.1.tlog
D:\vs2012\内存申请释放\内存申请释放\Debug\link.command.1.tlog
D:\vs2012\内存申请释放\内存申请释放\Debug\link.read.1.tlog
D:\vs2012\内存申请释放\内存申请释放\Debug\link.write.1.tlog
D:\vs2012\内存申请释放\内存申请释放\Debug\vc110.idb
D:\vs2012\内存申请释放\内存申请释放\Debug\vc110.pdb
D:\vs2012\内存申请释放\Debug\内存申请释放.pdb
D:\vs2012\内存申请释放\Debug\内存申请释放.exe
D:\vs2012\内存申请释放\Debug\内存申请释放.ilk
