D:\VS2012\6大默认成员函数\6大默认成员函数\DEBUG\TEST.OBJ
D:\VS2012\6大默认成员函数\6大默认成员函数\DEBUG\VC110.PDB
D:\VS2012\6大默认成员函数\DEBUG\6大默认成员函数.ILK
D:\VS2012\6大默认成员函数\DEBUG\6大默认成员函数.EXE
D:\VS2012\6大默认成员函数\DEBUG\6大默认成员函数.PDB
D:\vs2012\6大默认成员函数\6大默认成员函数\Debug\test.obj
D:\vs2012\6大默认成员函数\6大默认成员函数\Debug\cl.command.1.tlog
D:\vs2012\6大默认成员函数\6大默认成员函数\Debug\CL.read.1.tlog
D:\vs2012\6大默认成员函数\6大默认成员函数\Debug\CL.write.1.tlog
D:\vs2012\6大默认成员函数\6大默认成员函数\Debug\link-cvtres.read.1.tlog
D:\vs2012\6大默认成员函数\6大默认成员函数\Debug\link-cvtres.write.1.tlog
D:\vs2012\6大默认成员函数\6大默认成员函数\Debug\link-rc.read.1.tlog
D:\vs2012\6大默认成员函数\6大默认成员函数\Debug\link-rc.write.1.tlog
D:\vs2012\6大默认成员函数\6大默认成员函数\Debug\link.command.1.tlog
D:\vs2012\6大默认成员函数\6大默认成员函数\Debug\link.read.1.tlog
D:\vs2012\6大默认成员函数\6大默认成员函数\Debug\link.write.1.tlog
D:\vs2012\6大默认成员函数\6大默认成员函数\Debug\vc110.idb
D:\vs2012\6大默认成员函数\6大默认成员函数\Debug\vc110.pdb
D:\vs2012\6大默认成员函数\Debug\6大默认成员函数.pdb
D:\vs2012\6大默认成员函数\Debug\6大默认成员函数.exe
D:\vs2012\6大默认成员函数\Debug\6大默认成员函数.ilk
