D:\VS2012\DATE类\DATE类\DEBUG\TEST.OBJ
D:\VS2012\DATE类\DATE类\DEBUG\VC110.PDB
D:\VS2012\DATE类\DEBUG\DATE类.ILK
D:\VS2012\DATE类\DEBUG\DATE类.EXE
D:\VS2012\DATE类\DEBUG\DATE类.PDB
D:\vs2012\Date类\Date类\Debug\Test.obj
D:\vs2012\Date类\Date类\Debug\cl.command.1.tlog
D:\vs2012\Date类\Date类\Debug\CL.read.1.tlog
D:\vs2012\Date类\Date类\Debug\CL.write.1.tlog
D:\vs2012\Date类\Date类\Debug\link-cvtres.read.1.tlog
D:\vs2012\Date类\Date类\Debug\link-cvtres.write.1.tlog
D:\vs2012\Date类\Date类\Debug\link-rc.read.1.tlog
D:\vs2012\Date类\Date类\Debug\link-rc.write.1.tlog
D:\vs2012\Date类\Date类\Debug\link.command.1.tlog
D:\vs2012\Date类\Date类\Debug\link.read.1.tlog
D:\vs2012\Date类\Date类\Debug\link.write.1.tlog
D:\vs2012\Date类\Date类\Debug\vc110.idb
D:\vs2012\Date类\Date类\Debug\vc110.pdb
D:\vs2012\Date类\Debug\Date类.pdb
D:\vs2012\Date类\Debug\Date类.exe
D:\vs2012\Date类\Debug\Date类.ilk
