D:\VS2012\C++之命名空间\C++之命名空间\DEBUG\NAMESPACE.OBJ
D:\VS2012\C++之命名空间\C++之命名空间\DEBUG\VC110.PDB
D:\VS2012\C++之命名空间\DEBUG\C++之命名空间.ILK
D:\VS2012\C++之命名空间\DEBUG\C++之命名空间.EXE
D:\VS2012\C++之命名空间\DEBUG\C++之命名空间.PDB
D:\vs2012\C++之命名空间\C++之命名空间\Debug\cl.command.1.tlog
D:\vs2012\C++之命名空间\C++之命名空间\Debug\CL.read.1.tlog
D:\vs2012\C++之命名空间\C++之命名空间\Debug\CL.write.1.tlog
D:\vs2012\C++之命名空间\C++之命名空间\Debug\link-cvtres.read.1.tlog
D:\vs2012\C++之命名空间\C++之命名空间\Debug\link-cvtres.write.1.tlog
D:\vs2012\C++之命名空间\C++之命名空间\Debug\link-rc.read.1.tlog
D:\vs2012\C++之命名空间\C++之命名空间\Debug\link-rc.write.1.tlog
D:\vs2012\C++之命名空间\C++之命名空间\Debug\link.21964-cvtres.read.1.tlog
D:\vs2012\C++之命名空间\C++之命名空间\Debug\link.21964-cvtres.write.1.tlog
D:\vs2012\C++之命名空间\C++之命名空间\Debug\link.21964-rc.read.1.tlog
D:\vs2012\C++之命名空间\C++之命名空间\Debug\link.21964-rc.write.1.tlog
D:\vs2012\C++之命名空间\C++之命名空间\Debug\link.21964.read.1.tlog
D:\vs2012\C++之命名空间\C++之命名空间\Debug\link.21964.write.1.tlog
D:\vs2012\C++之命名空间\C++之命名空间\Debug\link.7456-cvtres.read.1.tlog
D:\vs2012\C++之命名空间\C++之命名空间\Debug\link.7456-cvtres.write.1.tlog
D:\vs2012\C++之命名空间\C++之命名空间\Debug\link.7456-rc.read.1.tlog
D:\vs2012\C++之命名空间\C++之命名空间\Debug\link.7456-rc.write.1.tlog
D:\vs2012\C++之命名空间\C++之命名空间\Debug\link.7456.read.1.tlog
D:\vs2012\C++之命名空间\C++之命名空间\Debug\link.7456.write.1.tlog
D:\vs2012\C++之命名空间\C++之命名空间\Debug\link.command.1.tlog
D:\vs2012\C++之命名空间\C++之命名空间\Debug\link.read.1.tlog
D:\vs2012\C++之命名空间\C++之命名空间\Debug\link.write.1.tlog
D:\vs2012\C++之命名空间\C++之命名空间\Debug\vc110.idb
D:\vs2012\C++之命名空间\C++之命名空间\Debug\vc110.pdb
D:\vs2012\C++之命名空间\Debug\C++之命名空间.pdb
D:\vs2012\C++之命名空间\Debug\C++之命名空间.exe
D:\vs2012\C++之命名空间\Debug\C++之命名空间.ilk
